Removed Pin From Net: NetName=GND Pin=C4-1
Removed Pin From Net: NetName=+24 Pin=C4-2
Removed Pin From Net: NetName=GND Pin=C5-1
Removed Pin From Net: NetName=+5 Pin=C5-2
Removed Pin From Net: NetName=+5 Pin=C6-1
Removed Pin From Net: NetName=GND Pin=C6-2
Removed Pin From Net: NetName=GND Pin=U2-2
Removed Pin From Net: NetName=+5 Pin=U2-3
Removed Member From Class: ClassName=Lumos_v.0.2 Member=C6
Change Component Footprint: Designator=C4 Old Footprint=CAPC0805 New Footprint=ECAP_Radial_8x11
Change Component Footprint: Designator=C5 Old Footprint=CAPC0805 New Footprint=ECAP_Radial_8x11
Change Component Footprint: Designator=U2 Old Footprint=TO-220 New Footprint=TO-263-5
Change Component Comment : Designator=C4 Old Comment=1uF New Comment=470uF
Change Component Comment : Designator=C5 Old Comment=1uF New Comment=470uF
Change Component Comment : Designator=U2 Old Comment=L7805 New Comment=5V
Change component parameters: Designator = "C4"; Footprint = "ECAP_Radial_8x11"; UniqueID = "\CYGEJRII"
Change component parameters. Clean all parameters for all variants
Change component parameters (AddParameter): Name = "Capacitance"; Value = "470uF"; VariantName = "[No Variations]"
Change component parameters (AddParameter): Name = "Voltage"; Value = ""; VariantName = "[No Variations]"
Change component parameters: Designator = "C5"; Footprint = "ECAP_Radial_8x11"; UniqueID = "\LXGRBLJN"
Change component parameters. Clean all parameters for all variants
Change component parameters (AddParameter): Name = "Capacitance"; Value = "470uF"; VariantName = "[No Variations]"
Change component parameters (AddParameter): Name = "Voltage"; Value = ""; VariantName = "[No Variations]"
Change component parameters: Designator = "U2"; Footprint = "TO-263-5"; UniqueID = "\KOOLINTP"
Change component parameters. Clean all parameters for all variants
Change component parameters (AddParameter): Name = "Current"; Value = ""; VariantName = "[No Variations]"
Change component parameters (AddParameter): Name = "Voltage"; Value = "5V"; VariantName = "[No Variations]"
Added Component: Designator=D1(SMB)
Add component. Clean all parameters for all variants
Add component (AddParameter): Name = "Model"; Value = ""; VariantName = "[No Variations]"
Added Component: Designator=L1(RLB1314-101KL)
Add component. Clean all parameters for all variants
Add component (AddParameter): Name = "Current"; Value = ""; VariantName = "[No Variations]"
Add component (AddParameter): Name = "Model"; Value = ""; VariantName = "[No Variations]"
Add component (AddParameter): Name = "Value"; Value = "100uH"; VariantName = "[No Variations]"
Added Component: Designator=R1(RES1206)
Add component. Clean all parameters for all variants
Add component (AddParameter): Name = "Value"; Value = "100k"; VariantName = "[No Variations]"
Added Pin To Net: NetName=+24 Pin=C4-1
Added Pin To Net: NetName=GND Pin=C4-2
Added Pin To Net: NetName=+5 Pin=C5-1
Added Pin To Net: NetName=GND Pin=C5-2
Added Pin To Net: NetName=GND Pin=D1-1
Added Pin To Net: NetName=+5 Pin=L1-2
Added Pin To Net: NetName=GND Pin=R1-1
Added Pin To Net: NetName=+5 Pin=R1-2
Added Pin To Net: NetName=GND Pin=U2-3
Added Pin To Net: NetName=+5 Pin=U2-4
Added Pin To Net: NetName=GND Pin=U2-5
Added Pin To Net: NetName=GND Pin=U2-6
Added Pin To Net: NetName=NetD1_2 Pin=D1-2
Added Pin To Net: NetName=NetD1_2 Pin=L1-1
Added Pin To Net: NetName=NetD1_2 Pin=U2-2
Added Net: Name=NetD1_2
Added Member To Class: ClassName=Lumos_v.0.2 Member=Component D1 *
Added Member To Class: ClassName=Lumos_v.0.2 Member=Component L1 100uH
Added Member To Class: ClassName=Lumos_v.0.2 Member=Component R1 100k
